twk-chunk-common.js:1          POST https://va.tawk.to/v1/session/start 400
post @ twk-chunk-common.js:1
value @ twk-chunk-common.js:1
value @ twk-chunk-common.js:1
(anonymous) @ twk-chunk-common.js:1
u @ twk-chunk-vendors.js:2
(anonymous) @ twk-chunk-vendors.js:2
(anonymous) @ twk-chunk-vendors.js:2
s @ twk-chunk-common.js:1
r @ twk-chunk-common.js:1
Promise.then (async)
s @ twk-chunk-common.js:1
r @ twk-chunk-common.js:1
(anonymous) @ twk-chunk-common.js:1
(anonymous) @ twk-chunk-common.js:1
(anonymous) @ twk-chunk-common.js:1
(anonymous) @ twk-chunk-common.js:1
value @ twk-chunk-common.js:1
value @ twk-chunk-common.js:1
(anonymous) @ twk-chunk-common.js:1
56d7 @ twk-chunk-common.js:1
a @ twk-runtime.js:1
r @ twk-runtime.js:1
t @ twk-runtime.js:1
(anonymous) @ twk-chunk-common.js:1
